Analysis & Synthesis report for Lab_2
Thu Apr 28 17:58:23 2022
Quartus Prime Version 18.1.0 Build 625 09/12/2018 SJ Lite Edition


---------------------
; Table of Contents ;
---------------------
  1. Legal Notice
  2. Analysis & Synthesis Summary
  3. Analysis & Synthesis Settings
  4. Parallel Compilation
  5. Analysis & Synthesis Source Files Read
  6. Analysis & Synthesis Resource Usage Summary
  7. Analysis & Synthesis Resource Utilization by Entity
  8. Analysis & Synthesis DSP Block Usage Summary
  9. General Register Statistics
 10. Multiplexer Restructuring Statistics (Restructuring Performed)
 11. Parameter Settings for Inferred Entity Instance: BCD_Decoder:BCD_decoder|lpm_divide:Div0
 12. Parameter Settings for Inferred Entity Instance: BCD_Decoder:BCD_decoder|lpm_divide:Div1
 13. Parameter Settings for Inferred Entity Instance: BCD_Decoder:BCD_decoder|lpm_divide:Mod0
 14. Port Connectivity Checks: "Sev_Segs_Display:Zero_Display"
 15. Port Connectivity Checks: "Sev_Segs_Display:Carry_Display"
 16. Port Connectivity Checks: "GP_Register:Reg_ZF"
 17. Port Connectivity Checks: "GP_Register:Reg_CF"
 18. Post-Synthesis Netlist Statistics for Top Partition
 19. Elapsed Time Per Partition
 20. Analysis & Synthesis Messages
 21. Analysis & Synthesis Suppressed Messages



----------------
; Legal Notice ;
----------------
Copyright (C) 2018  Intel Corporation. All rights reserved.
Your use of Intel Corporation's design tools, logic functions 
and other software and tools, and its AMPP partner logic 
functions, and any output files from any of the foregoing 
(including device programming or simulation files), and any 
associated documentation or information are expressly subject 
to the terms and conditions of the Intel Program License 
Subscription Agreement, the Intel Quartus Prime License Agreement,
the Intel FPGA IP License Agreement, or other applicable license
agreement, including, without limitation, that your use is for
the sole purpose of programming logic devices manufactured by
Intel and sold by Intel or its authorized distributors.  Please
refer to the applicable agreement for further details.



+-------------------------------------------------------------------------------+
; Analysis & Synthesis Summary                                                  ;
+---------------------------------+---------------------------------------------+
; Analysis & Synthesis Status     ; Successful - Thu Apr 28 17:58:23 2022       ;
; Quartus Prime Version           ; 18.1.0 Build 625 09/12/2018 SJ Lite Edition ;
; Revision Name                   ; Lab_2                                       ;
; Top-level Entity Name           ; Lab_2                                       ;
; Family                          ; Cyclone V                                   ;
; Logic utilization (in ALMs)     ; N/A                                         ;
; Total registers                 ; 28                                          ;
; Total pins                      ; 72                                          ;
; Total virtual pins              ; 0                                           ;
; Total block memory bits         ; 0                                           ;
; Total DSP Blocks                ; 1                                           ;
; Total HSSI RX PCSs              ; 0                                           ;
; Total HSSI PMA RX Deserializers ; 0                                           ;
; Total HSSI TX PCSs              ; 0                                           ;
; Total HSSI PMA TX Serializers   ; 0                                           ;
; Total PLLs                      ; 0                                           ;
; Total DLLs                      ; 0                                           ;
+---------------------------------+---------------------------------------------+


+---------------------------------------------------------------------------------------------------------------------------+
; Analysis & Synthesis Settings                                                                                             ;
+---------------------------------------------------------------------------------+--------------------+--------------------+
; Option                                                                          ; Setting            ; Default Value      ;
+---------------------------------------------------------------------------------+--------------------+--------------------+
; Device                                                                          ; 5CSXFC6D6F31C6     ;                    ;
; Top-level entity name                                                           ; Lab_2              ; Lab_2              ;
; Family name                                                                     ; Cyclone V          ; Cyclone V          ;
; Use smart compilation                                                           ; Off                ; Off                ;
; Enable parallel Assembler and Timing Analyzer during compilation                ; On                 ; On                 ;
; Enable compact report table                                                     ; Off                ; Off                ;
; Restructure Multiplexers                                                        ; Auto               ; Auto               ;
; MLAB Add Timing Constraints For Mixed-Port Feed-Through Mode Setting Don't Care ; Off                ; Off                ;
; Create Debugging Nodes for IP Cores                                             ; Off                ; Off                ;
; Preserve fewer node names                                                       ; On                 ; On                 ;
; Intel FPGA IP Evaluation Mode                                                   ; Enable             ; Enable             ;
; Verilog Version                                                                 ; Verilog_2001       ; Verilog_2001       ;
; VHDL Version                                                                    ; VHDL_1993          ; VHDL_1993          ;
; State Machine Processing                                                        ; Auto               ; Auto               ;
; Safe State Machine                                                              ; Off                ; Off                ;
; Extract Verilog State Machines                                                  ; On                 ; On                 ;
; Extract VHDL State Machines                                                     ; On                 ; On                 ;
; Ignore Verilog initial constructs                                               ; Off                ; Off                ;
; Iteration limit for constant Verilog loops                                      ; 5000               ; 5000               ;
; Iteration limit for non-constant Verilog loops                                  ; 250                ; 250                ;
; Add Pass-Through Logic to Inferred RAMs                                         ; On                 ; On                 ;
; Infer RAMs from Raw Logic                                                       ; On                 ; On                 ;
; Parallel Synthesis                                                              ; On                 ; On                 ;
; DSP Block Balancing                                                             ; Auto               ; Auto               ;
; NOT Gate Push-Back                                                              ; On                 ; On                 ;
; Power-Up Don't Care                                                             ; On                 ; On                 ;
; Remove Redundant Logic Cells                                                    ; Off                ; Off                ;
; Remove Duplicate Registers                                                      ; On                 ; On                 ;
; Ignore CARRY Buffers                                                            ; Off                ; Off                ;
; Ignore CASCADE Buffers                                                          ; Off                ; Off                ;
; Ignore GLOBAL Buffers                                                           ; Off                ; Off                ;
; Ignore ROW GLOBAL Buffers                                                       ; Off                ; Off                ;
; Ignore LCELL Buffers                                                            ; Off                ; Off                ;
; Ignore SOFT Buffers                                                             ; On                 ; On                 ;
; Limit AHDL Integers to 32 Bits                                                  ; Off                ; Off                ;
; Optimization Technique                                                          ; Balanced           ; Balanced           ;
; Carry Chain Length                                                              ; 70                 ; 70                 ;
; Auto Carry Chains                                                               ; On                 ; On                 ;
; Auto Open-Drain Pins                                                            ; On                 ; On                 ;
; Perform WYSIWYG Primitive Resynthesis                                           ; Off                ; Off                ;
; Auto ROM Replacement                                                            ; On                 ; On                 ;
; Auto RAM Replacement                                                            ; On                 ; On                 ;
; Auto DSP Block Replacement                                                      ; On                 ; On                 ;
; Auto Shift Register Replacement                                                 ; Auto               ; Auto               ;
; Allow Shift Register Merging across Hierarchies                                 ; Auto               ; Auto               ;
; Auto Clock Enable Replacement                                                   ; On                 ; On                 ;
; Strict RAM Replacement                                                          ; Off                ; Off                ;
; Allow Synchronous Control Signals                                               ; On                 ; On                 ;
; Force Use of Synchronous Clear Signals                                          ; Off                ; Off                ;
; Auto Resource Sharing                                                           ; Off                ; Off                ;
; Allow Any RAM Size For Recognition                                              ; Off                ; Off                ;
; Allow Any ROM Size For Recognition                                              ; Off                ; Off                ;
; Allow Any Shift Register Size For Recognition                                   ; Off                ; Off                ;
; Use LogicLock Constraints during Resource Balancing                             ; On                 ; On                 ;
; Ignore translate_off and synthesis_off directives                               ; Off                ; Off                ;
; Timing-Driven Synthesis                                                         ; On                 ; On                 ;
; Report Parameter Settings                                                       ; On                 ; On                 ;
; Report Source Assignments                                                       ; On                 ; On                 ;
; Report Connectivity Checks                                                      ; On                 ; On                 ;
; Ignore Maximum Fan-Out Assignments                                              ; Off                ; Off                ;
; Synchronization Register Chain Length                                           ; 3                  ; 3                  ;
; Power Optimization During Synthesis                                             ; Normal compilation ; Normal compilation ;
; HDL message level                                                               ; Level2             ; Level2             ;
; Suppress Register Optimization Related Messages                                 ; Off                ; Off                ;
; Number of Removed Registers Reported in Synthesis Report                        ; 5000               ; 5000               ;
; Number of Swept Nodes Reported in Synthesis Report                              ; 5000               ; 5000               ;
; Number of Inverted Registers Reported in Synthesis Report                       ; 100                ; 100                ;
; Clock MUX Protection                                                            ; On                 ; On                 ;
; Auto Gated Clock Conversion                                                     ; Off                ; Off                ;
; Block Design Naming                                                             ; Auto               ; Auto               ;
; SDC constraint protection                                                       ; Off                ; Off                ;
; Synthesis Effort                                                                ; Auto               ; Auto               ;
; Shift Register Replacement - Allow Asynchronous Clear Signal                    ; On                 ; On                 ;
; Pre-Mapping Resynthesis Optimization                                            ; Off                ; Off                ;
; Analysis & Synthesis Message Level                                              ; Medium             ; Medium             ;
; Disable Register Merging Across Hierarchies                                     ; Auto               ; Auto               ;
; Resource Aware Inference For Block RAM                                          ; On                 ; On                 ;
; Automatic Parallel Synthesis                                                    ; On                 ; On                 ;
; Partial Reconfiguration Bitstream ID                                            ; Off                ; Off                ;
+---------------------------------------------------------------------------------+--------------------+--------------------+


+------------------------------------------+
; Parallel Compilation                     ;
+----------------------------+-------------+
; Processors                 ; Number      ;
+----------------------------+-------------+
; Number detected on machine ; 8           ;
; Maximum allowed            ; 4           ;
;                            ;             ;
; Average used               ; 1.00        ;
; Maximum used               ; 4           ;
;                            ;             ;
; Usage by Processor         ; % Time Used ;
;     Processor 1            ; 100.0%      ;
;     Processors 2-4         ;   0.0%      ;
+----------------------------+-------------+


+-----------------------------------------------------------------------------------------------------------------------------------------------------------------------------------------------------------------------------------------+
; Analysis & Synthesis Source Files Read                                                                                                                                                                                                  ;
+----------------------------------+-----------------+------------------------------+-------------------------------------------------------------------------------------------------------------------------------------------+---------+
; File Name with User-Entered Path ; Used in Netlist ; File Type                    ; File Name with Absolute Path                                                                                                              ; Library ;
+----------------------------------+-----------------+------------------------------+-------------------------------------------------------------------------------------------------------------------------------------------+---------+
; Sev_Segs_Display.sv              ; yes             ; User SystemVerilog HDL File  ; C:/Users/Thinh Nguyen/OneDrive - RMIT University/EEET2475_s3818343_s3804791_Lab_2/Quartus_Proj/Lab_2_Top_Level/Sev_Segs_Display.sv        ;         ;
; Arithmetic_Logic_Unit.sv         ; yes             ; User SystemVerilog HDL File  ; C:/Users/Thinh Nguyen/OneDrive - RMIT University/EEET2475_s3818343_s3804791_Lab_2/Quartus_Proj/Lab_2_Top_Level/Arithmetic_Logic_Unit.sv   ;         ;
; GP_Register.sv                   ; yes             ; User SystemVerilog HDL File  ; C:/Users/Thinh Nguyen/OneDrive - RMIT University/EEET2475_s3818343_s3804791_Lab_2/Quartus_Proj/Lab_2_Top_Level/GP_Register.sv             ;         ;
; Control_Unit.sv                  ; yes             ; User SystemVerilog HDL File  ; C:/Users/Thinh Nguyen/OneDrive - RMIT University/EEET2475_s3818343_s3804791_Lab_2/Quartus_Proj/Lab_2_Top_Level/Control_Unit.sv            ;         ;
; Lab_2.sv                         ; yes             ; User SystemVerilog HDL File  ; C:/Users/Thinh Nguyen/OneDrive - RMIT University/EEET2475_s3818343_s3804791_Lab_2/Quartus_Proj/Lab_2_Top_Level/Lab_2.sv                   ;         ;
; B_bus_selector.sv                ; yes             ; User SystemVerilog HDL File  ; C:/Users/Thinh Nguyen/OneDrive - RMIT University/EEET2475_s3818343_s3804791_Lab_2/Quartus_Proj/Lab_2_Top_Level/B_bus_selector.sv          ;         ;
; BCD_Decoder.sv                   ; yes             ; User SystemVerilog HDL File  ; C:/Users/Thinh Nguyen/OneDrive - RMIT University/EEET2475_s3818343_s3804791_Lab_2/Quartus_Proj/Lab_2_Top_Level/BCD_Decoder.sv             ;         ;
; lpm_divide.tdf                   ; yes             ; Megafunction                 ; c:/intelfpga_lite/18.1/quartus/libraries/megafunctions/lpm_divide.tdf                                                                     ;         ;
; abs_divider.inc                  ; yes             ; Megafunction                 ; c:/intelfpga_lite/18.1/quartus/libraries/megafunctions/abs_divider.inc                                                                    ;         ;
; sign_div_unsign.inc              ; yes             ; Megafunction                 ; c:/intelfpga_lite/18.1/quartus/libraries/megafunctions/sign_div_unsign.inc                                                                ;         ;
; aglobal181.inc                   ; yes             ; Megafunction                 ; c:/intelfpga_lite/18.1/quartus/libraries/megafunctions/aglobal181.inc                                                                     ;         ;
; db/lpm_divide_8am.tdf            ; yes             ; Auto-Generated Megafunction  ; C:/Users/Thinh Nguyen/OneDrive - RMIT University/EEET2475_s3818343_s3804791_Lab_2/Quartus_Proj/Lab_2_Top_Level/db/lpm_divide_8am.tdf      ;         ;
; db/sign_div_unsign_ekh.tdf       ; yes             ; Auto-Generated Megafunction  ; C:/Users/Thinh Nguyen/OneDrive - RMIT University/EEET2475_s3818343_s3804791_Lab_2/Quartus_Proj/Lab_2_Top_Level/db/sign_div_unsign_ekh.tdf ;         ;
; db/alt_u_div_2te.tdf             ; yes             ; Auto-Generated Megafunction  ; C:/Users/Thinh Nguyen/OneDrive - RMIT University/EEET2475_s3818343_s3804791_Lab_2/Quartus_Proj/Lab_2_Top_Level/db/alt_u_div_2te.tdf       ;         ;
; db/lpm_divide_ibm.tdf            ; yes             ; Auto-Generated Megafunction  ; C:/Users/Thinh Nguyen/OneDrive - RMIT University/EEET2475_s3818343_s3804791_Lab_2/Quartus_Proj/Lab_2_Top_Level/db/lpm_divide_ibm.tdf      ;         ;
; db/sign_div_unsign_olh.tdf       ; yes             ; Auto-Generated Megafunction  ; C:/Users/Thinh Nguyen/OneDrive - RMIT University/EEET2475_s3818343_s3804791_Lab_2/Quartus_Proj/Lab_2_Top_Level/db/sign_div_unsign_olh.tdf ;         ;
; db/alt_u_div_mve.tdf             ; yes             ; Auto-Generated Megafunction  ; C:/Users/Thinh Nguyen/OneDrive - RMIT University/EEET2475_s3818343_s3804791_Lab_2/Quartus_Proj/Lab_2_Top_Level/db/alt_u_div_mve.tdf       ;         ;
; db/lpm_divide_82m.tdf            ; yes             ; Auto-Generated Megafunction  ; C:/Users/Thinh Nguyen/OneDrive - RMIT University/EEET2475_s3818343_s3804791_Lab_2/Quartus_Proj/Lab_2_Top_Level/db/lpm_divide_82m.tdf      ;         ;
; db/sign_div_unsign_bkh.tdf       ; yes             ; Auto-Generated Megafunction  ; C:/Users/Thinh Nguyen/OneDrive - RMIT University/EEET2475_s3818343_s3804791_Lab_2/Quartus_Proj/Lab_2_Top_Level/db/sign_div_unsign_bkh.tdf ;         ;
; db/alt_u_div_sse.tdf             ; yes             ; Auto-Generated Megafunction  ; C:/Users/Thinh Nguyen/OneDrive - RMIT University/EEET2475_s3818343_s3804791_Lab_2/Quartus_Proj/Lab_2_Top_Level/db/alt_u_div_sse.tdf       ;         ;
+----------------------------------+-----------------+------------------------------+-------------------------------------------------------------------------------------------------------------------------------------------+---------+


+---------------------------------------------------------------------------------+
; Analysis & Synthesis Resource Usage Summary                                     ;
+---------------------------------------------+-----------------------------------+
; Resource                                    ; Usage                             ;
+---------------------------------------------+-----------------------------------+
; Estimate of Logic utilization (ALMs needed) ; 156                               ;
;                                             ;                                   ;
; Combinational ALUT usage for logic          ; 282                               ;
;     -- 7 input functions                    ; 6                                 ;
;     -- 6 input functions                    ; 21                                ;
;     -- 5 input functions                    ; 15                                ;
;     -- 4 input functions                    ; 46                                ;
;     -- <=3 input functions                  ; 194                               ;
;                                             ;                                   ;
; Dedicated logic registers                   ; 28                                ;
;                                             ;                                   ;
; I/O pins                                    ; 72                                ;
;                                             ;                                   ;
; Total DSP Blocks                            ; 1                                 ;
;                                             ;                                   ;
; Maximum fan-out node                        ; BCD_Decoder:BCD_decoder|Mult0~mac ;
; Maximum fan-out                             ; 33                                ;
; Total fan-out                               ; 1156                              ;
; Average fan-out                             ; 2.54                              ;
+---------------------------------------------+-----------------------------------+


+----------------------------------------------------------------------------------------------------------------------------------------------------------------------------------------------------------------------------------------------------------------------------------------------------------------------------+
; Analysis & Synthesis Resource Utilization by Entity                                                                                                                                                                                                                                                                        ;
+-------------------------------------------+---------------------+---------------------------+-------------------+------------+------+--------------+--------------------------------------------------------------------------------------------------------------------------------+-----------------------+--------------+
; Compilation Hierarchy Node                ; Combinational ALUTs ; Dedicated Logic Registers ; Block Memory Bits ; DSP Blocks ; Pins ; Virtual Pins ; Full Hierarchy Name                                                                                                            ; Entity Name           ; Library Name ;
+-------------------------------------------+---------------------+---------------------------+-------------------+------------+------+--------------+--------------------------------------------------------------------------------------------------------------------------------+-----------------------+--------------+
; |Lab_2                                    ; 282 (0)             ; 28 (0)                    ; 0                 ; 1          ; 72   ; 0            ; |Lab_2                                                                                                                         ; Lab_2                 ; work         ;
;    |Arithmetic_Logic_Unit:ALU|            ; 55 (55)             ; 0 (0)                     ; 0                 ; 0          ; 0    ; 0            ; |Lab_2|Arithmetic_Logic_Unit:ALU                                                                                               ; Arithmetic_Logic_Unit ; work         ;
;    |BCD_Decoder:BCD_decoder|              ; 188 (0)             ; 0 (0)                     ; 0                 ; 1          ; 0    ; 0            ; |Lab_2|BCD_Decoder:BCD_decoder                                                                                                 ; BCD_Decoder           ; work         ;
;       |lpm_divide:Div0|                   ; 24 (0)              ; 0 (0)                     ; 0                 ; 0          ; 0    ; 0            ; |Lab_2|BCD_Decoder:BCD_decoder|lpm_divide:Div0                                                                                 ; lpm_divide            ; work         ;
;          |lpm_divide_8am:auto_generated|  ; 24 (0)              ; 0 (0)                     ; 0                 ; 0          ; 0    ; 0            ; |Lab_2|BCD_Decoder:BCD_decoder|lpm_divide:Div0|lpm_divide_8am:auto_generated                                                   ; lpm_divide_8am        ; work         ;
;             |sign_div_unsign_ekh:divider| ; 24 (0)              ; 0 (0)                     ; 0                 ; 0          ; 0    ; 0            ; |Lab_2|BCD_Decoder:BCD_decoder|lpm_divide:Div0|lpm_divide_8am:auto_generated|sign_div_unsign_ekh:divider                       ; sign_div_unsign_ekh   ; work         ;
;                |alt_u_div_2te:divider|    ; 24 (24)             ; 0 (0)                     ; 0                 ; 0          ; 0    ; 0            ; |Lab_2|BCD_Decoder:BCD_decoder|lpm_divide:Div0|lpm_divide_8am:auto_generated|sign_div_unsign_ekh:divider|alt_u_div_2te:divider ; alt_u_div_2te         ; work         ;
;       |lpm_divide:Div1|                   ; 111 (0)             ; 0 (0)                     ; 0                 ; 0          ; 0    ; 0            ; |Lab_2|BCD_Decoder:BCD_decoder|lpm_divide:Div1                                                                                 ; lpm_divide            ; work         ;
;          |lpm_divide_ibm:auto_generated|  ; 111 (0)             ; 0 (0)                     ; 0                 ; 0          ; 0    ; 0            ; |Lab_2|BCD_Decoder:BCD_decoder|lpm_divide:Div1|lpm_divide_ibm:auto_generated                                                   ; lpm_divide_ibm        ; work         ;
;             |sign_div_unsign_olh:divider| ; 111 (0)             ; 0 (0)                     ; 0                 ; 0          ; 0    ; 0            ; |Lab_2|BCD_Decoder:BCD_decoder|lpm_divide:Div1|lpm_divide_ibm:auto_generated|sign_div_unsign_olh:divider                       ; sign_div_unsign_olh   ; work         ;
;                |alt_u_div_mve:divider|    ; 111 (111)           ; 0 (0)                     ; 0                 ; 0          ; 0    ; 0            ; |Lab_2|BCD_Decoder:BCD_decoder|lpm_divide:Div1|lpm_divide_ibm:auto_generated|sign_div_unsign_olh:divider|alt_u_div_mve:divider ; alt_u_div_mve         ; work         ;
;       |lpm_divide:Mod0|                   ; 53 (0)              ; 0 (0)                     ; 0                 ; 0          ; 0    ; 0            ; |Lab_2|BCD_Decoder:BCD_decoder|lpm_divide:Mod0                                                                                 ; lpm_divide            ; work         ;
;          |lpm_divide_82m:auto_generated|  ; 53 (0)              ; 0 (0)                     ; 0                 ; 0          ; 0    ; 0            ; |Lab_2|BCD_Decoder:BCD_decoder|lpm_divide:Mod0|lpm_divide_82m:auto_generated                                                   ; lpm_divide_82m        ; work         ;
;             |sign_div_unsign_bkh:divider| ; 53 (0)              ; 0 (0)                     ; 0                 ; 0          ; 0    ; 0            ; |Lab_2|BCD_Decoder:BCD_decoder|lpm_divide:Mod0|lpm_divide_82m:auto_generated|sign_div_unsign_bkh:divider                       ; sign_div_unsign_bkh   ; work         ;
;                |alt_u_div_sse:divider|    ; 53 (53)             ; 0 (0)                     ; 0                 ; 0          ; 0    ; 0            ; |Lab_2|BCD_Decoder:BCD_decoder|lpm_divide:Mod0|lpm_divide_82m:auto_generated|sign_div_unsign_bkh:divider|alt_u_div_sse:divider ; alt_u_div_sse         ; work         ;
;    |B_bus_selector:B_MUX|                 ; 8 (8)               ; 0 (0)                     ; 0                 ; 0          ; 0    ; 0            ; |Lab_2|B_bus_selector:B_MUX                                                                                                    ; B_bus_selector        ; work         ;
;    |Control_Unit:CU|                      ; 14 (14)             ; 2 (2)                     ; 0                 ; 0          ; 0    ; 0            ; |Lab_2|Control_Unit:CU                                                                                                         ; Control_Unit          ; work         ;
;    |GP_Register:Reg_A|                    ; 0 (0)               ; 8 (8)                     ; 0                 ; 0          ; 0    ; 0            ; |Lab_2|GP_Register:Reg_A                                                                                                       ; GP_Register           ; work         ;
;    |GP_Register:Reg_B|                    ; 0 (0)               ; 8 (8)                     ; 0                 ; 0          ; 0    ; 0            ; |Lab_2|GP_Register:Reg_B                                                                                                       ; GP_Register           ; work         ;
;    |GP_Register:Reg_CF|                   ; 0 (0)               ; 1 (1)                     ; 0                 ; 0          ; 0    ; 0            ; |Lab_2|GP_Register:Reg_CF                                                                                                      ; GP_Register           ; work         ;
;    |GP_Register:Reg_OUT|                  ; 0 (0)               ; 8 (8)                     ; 0                 ; 0          ; 0    ; 0            ; |Lab_2|GP_Register:Reg_OUT                                                                                                     ; GP_Register           ; work         ;
;    |GP_Register:Reg_ZF|                   ; 0 (0)               ; 1 (1)                     ; 0                 ; 0          ; 0    ; 0            ; |Lab_2|GP_Register:Reg_ZF                                                                                                      ; GP_Register           ; work         ;
;    |Sev_Segs_Display:Hundreds_Display|    ; 3 (3)               ; 0 (0)                     ; 0                 ; 0          ; 0    ; 0            ; |Lab_2|Sev_Segs_Display:Hundreds_Display                                                                                       ; Sev_Segs_Display      ; work         ;
;    |Sev_Segs_Display:Ones_Display|        ; 7 (7)               ; 0 (0)                     ; 0                 ; 0          ; 0    ; 0            ; |Lab_2|Sev_Segs_Display:Ones_Display                                                                                           ; Sev_Segs_Display      ; work         ;
;    |Sev_Segs_Display:Tens_Display|        ; 7 (7)               ; 0 (0)                     ; 0                 ; 0          ; 0    ; 0            ; |Lab_2|Sev_Segs_Display:Tens_Display                                                                                           ; Sev_Segs_Display      ; work         ;
+-------------------------------------------+---------------------+---------------------------+-------------------+------------+------+--------------+--------------------------------------------------------------------------------------------------------------------------------+-----------------------+--------------+
Note: For table entries with two numbers listed, the numbers in parentheses indicate the number of resources of the given type used by the specific entity alone. The numbers listed outside of parentheses indicate the total resources of the given type used by the specific entity and all of its sub-entities in the hierarchy.


+-----------------------------------------------+
; Analysis & Synthesis DSP Block Usage Summary  ;
+---------------------------------+-------------+
; Statistic                       ; Number Used ;
+---------------------------------+-------------+
; Independent 18x18 plus 36       ; 1           ;
; Total number of DSP blocks      ; 1           ;
;                                 ;             ;
; Fixed Point Unsigned Multiplier ; 1           ;
+---------------------------------+-------------+


+------------------------------------------------------+
; General Register Statistics                          ;
+----------------------------------------------+-------+
; Statistic                                    ; Value ;
+----------------------------------------------+-------+
; Total registers                              ; 28    ;
; Number of registers using Synchronous Clear  ; 0     ;
; Number of registers using Synchronous Load   ; 0     ;
; Number of registers using Asynchronous Clear ; 27    ;
; Number of registers using Asynchronous Load  ; 0     ;
; Number of registers using Clock Enable       ; 27    ;
; Number of registers using Preset             ; 0     ;
+----------------------------------------------+-------+


+-----------------------------------------------------------------------------------------------------------------------------------------------------+
; Multiplexer Restructuring Statistics (Restructuring Performed)                                                                                      ;
+--------------------+-----------+---------------+----------------------+------------------------+------------+---------------------------------------+
; Multiplexer Inputs ; Bus Width ; Baseline Area ; Area if Restructured ; Saving if Restructured ; Registered ; Example Multiplexer Output            ;
+--------------------+-----------+---------------+----------------------+------------------------+------------+---------------------------------------+
; 9:1                ; 6 bits    ; 36 LEs        ; 36 LEs               ; 0 LEs                  ; No         ; |Lab_2|Arithmetic_Logic_Unit:ALU|Mux1 ;
; 3:1                ; 8 bits    ; 16 LEs        ; 16 LEs               ; 0 LEs                  ; No         ; |Lab_2|Arithmetic_Logic_Unit:ALU|Add0 ;
; 3:1                ; 8 bits    ; 16 LEs        ; 8 LEs                ; 8 LEs                  ; No         ; |Lab_2|Arithmetic_Logic_Unit:ALU|Add0 ;
+--------------------+-----------+---------------+----------------------+------------------------+------------+---------------------------------------+


+------------------------------------------------------------------------------------------+
; Parameter Settings for Inferred Entity Instance: BCD_Decoder:BCD_decoder|lpm_divide:Div0 ;
+------------------------+----------------+------------------------------------------------+
; Parameter Name         ; Value          ; Type                                           ;
+------------------------+----------------+------------------------------------------------+
; LPM_WIDTHN             ; 8              ; Untyped                                        ;
; LPM_WIDTHD             ; 7              ; Untyped                                        ;
; LPM_NREPRESENTATION    ; UNSIGNED       ; Untyped                                        ;
; LPM_DREPRESENTATION    ; UNSIGNED       ; Untyped                                        ;
; LPM_PIPELINE           ; 0              ; Untyped                                        ;
; LPM_REMAINDERPOSITIVE  ; TRUE           ; Untyped                                        ;
; MAXIMIZE_SPEED         ; 5              ; Untyped                                        ;
; CBXI_PARAMETER         ; lpm_divide_8am ; Untyped                                        ;
; CARRY_CHAIN            ; MANUAL         ; Untyped                                        ;
; OPTIMIZE_FOR_SPEED     ; 5              ; Untyped                                        ;
; AUTO_CARRY_CHAINS      ; ON             ; AUTO_CARRY                                     ;
; IGNORE_CARRY_BUFFERS   ; OFF            ; IGNORE_CARRY                                   ;
; AUTO_CASCADE_CHAINS    ; ON             ; AUTO_CASCADE                                   ;
; IGNORE_CASCADE_BUFFERS ; OFF            ; IGNORE_CASCADE                                 ;
+------------------------+----------------+------------------------------------------------+
Note: In order to hide this table in the UI and the text report file, please set the "Show Parameter Settings in Synthesis Report" option in "Analysis and Synthesis Settings -> More Settings" to "Off".


+------------------------------------------------------------------------------------------+
; Parameter Settings for Inferred Entity Instance: BCD_Decoder:BCD_decoder|lpm_divide:Div1 ;
+------------------------+----------------+------------------------------------------------+
; Parameter Name         ; Value          ; Type                                           ;
+------------------------+----------------+------------------------------------------------+
; LPM_WIDTHN             ; 32             ; Untyped                                        ;
; LPM_WIDTHD             ; 4              ; Untyped                                        ;
; LPM_NREPRESENTATION    ; UNSIGNED       ; Untyped                                        ;
; LPM_DREPRESENTATION    ; UNSIGNED       ; Untyped                                        ;
; LPM_PIPELINE           ; 0              ; Untyped                                        ;
; LPM_REMAINDERPOSITIVE  ; TRUE           ; Untyped                                        ;
; MAXIMIZE_SPEED         ; 5              ; Untyped                                        ;
; CBXI_PARAMETER         ; lpm_divide_ibm ; Untyped                                        ;
; CARRY_CHAIN            ; MANUAL         ; Untyped                                        ;
; OPTIMIZE_FOR_SPEED     ; 5              ; Untyped                                        ;
; AUTO_CARRY_CHAINS      ; ON             ; AUTO_CARRY                                     ;
; IGNORE_CARRY_BUFFERS   ; OFF            ; IGNORE_CARRY                                   ;
; AUTO_CASCADE_CHAINS    ; ON             ; AUTO_CASCADE                                   ;
; IGNORE_CASCADE_BUFFERS ; OFF            ; IGNORE_CASCADE                                 ;
+------------------------+----------------+------------------------------------------------+
Note: In order to hide this table in the UI and the text report file, please set the "Show Parameter Settings in Synthesis Report" option in "Analysis and Synthesis Settings -> More Settings" to "Off".


+------------------------------------------------------------------------------------------+
; Parameter Settings for Inferred Entity Instance: BCD_Decoder:BCD_decoder|lpm_divide:Mod0 ;
+------------------------+----------------+------------------------------------------------+
; Parameter Name         ; Value          ; Type                                           ;
+------------------------+----------------+------------------------------------------------+
; LPM_WIDTHN             ; 8              ; Untyped                                        ;
; LPM_WIDTHD             ; 4              ; Untyped                                        ;
; LPM_NREPRESENTATION    ; UNSIGNED       ; Untyped                                        ;
; LPM_DREPRESENTATION    ; UNSIGNED       ; Untyped                                        ;
; LPM_PIPELINE           ; 0              ; Untyped                                        ;
; LPM_REMAINDERPOSITIVE  ; TRUE           ; Untyped                                        ;
; MAXIMIZE_SPEED         ; 5              ; Untyped                                        ;
; CBXI_PARAMETER         ; lpm_divide_82m ; Untyped                                        ;
; CARRY_CHAIN            ; MANUAL         ; Untyped                                        ;
; OPTIMIZE_FOR_SPEED     ; 5              ; Untyped                                        ;
; AUTO_CARRY_CHAINS      ; ON             ; AUTO_CARRY                                     ;
; IGNORE_CARRY_BUFFERS   ; OFF            ; IGNORE_CARRY                                   ;
; AUTO_CASCADE_CHAINS    ; ON             ; AUTO_CASCADE                                   ;
; IGNORE_CASCADE_BUFFERS ; OFF            ; IGNORE_CASCADE                                 ;
+------------------------+----------------+------------------------------------------------+
Note: In order to hide this table in the UI and the text report file, please set the "Show Parameter Settings in Synthesis Report" option in "Analysis and Synthesis Settings -> More Settings" to "Off".


+-----------------------------------------------------------------------------------------------------------------------------------------------------------------------+
; Port Connectivity Checks: "Sev_Segs_Display:Zero_Display"                                                                                                             ;
+------+-------+----------+---------------------------------------------------------------------------------------------------------------------------------------------+
; Port ; Type  ; Severity ; Details                                                                                                                                     ;
+------+-------+----------+---------------------------------------------------------------------------------------------------------------------------------------------+
; num  ; Input ; Warning  ; Input port expression (1 bits) is smaller than the input port (4 bits) it drives.  Extra input bit(s) "num[3..1]" will be connected to GND. ;
+------+-------+----------+---------------------------------------------------------------------------------------------------------------------------------------------+


+-----------------------------------------------------------------------------------------------------------------------------------------------------------------------+
; Port Connectivity Checks: "Sev_Segs_Display:Carry_Display"                                                                                                            ;
+------+-------+----------+---------------------------------------------------------------------------------------------------------------------------------------------+
; Port ; Type  ; Severity ; Details                                                                                                                                     ;
+------+-------+----------+---------------------------------------------------------------------------------------------------------------------------------------------+
; num  ; Input ; Warning  ; Input port expression (1 bits) is smaller than the input port (4 bits) it drives.  Extra input bit(s) "num[3..1]" will be connected to GND. ;
+------+-------+----------+---------------------------------------------------------------------------------------------------------------------------------------------+


+----------------------------------------------------------------------------------------------------------------------------------------------------------------------+
; Port Connectivity Checks: "GP_Register:Reg_ZF"                                                                                                                       ;
+------+--------+----------+-------------------------------------------------------------------------------------------------------------------------------------------+
; Port ; Type   ; Severity ; Details                                                                                                                                   ;
+------+--------+----------+-------------------------------------------------------------------------------------------------------------------------------------------+
; d    ; Input  ; Warning  ; Input port expression (1 bits) is smaller than the input port (8 bits) it drives.  Extra input bit(s) "d[7..1]" will be connected to GND. ;
; q    ; Output ; Warning  ; Output or bidir port (8 bits) is wider than the port expression (1 bits) it drives; bit(s) "q[7..1]" have no fanouts                      ;
+------+--------+----------+-------------------------------------------------------------------------------------------------------------------------------------------+


+----------------------------------------------------------------------------------------------------------------------------------------------------------------------+
; Port Connectivity Checks: "GP_Register:Reg_CF"                                                                                                                       ;
+------+--------+----------+-------------------------------------------------------------------------------------------------------------------------------------------+
; Port ; Type   ; Severity ; Details                                                                                                                                   ;
+------+--------+----------+-------------------------------------------------------------------------------------------------------------------------------------------+
; d    ; Input  ; Warning  ; Input port expression (1 bits) is smaller than the input port (8 bits) it drives.  Extra input bit(s) "d[7..1]" will be connected to GND. ;
; q    ; Output ; Warning  ; Output or bidir port (8 bits) is wider than the port expression (1 bits) it drives; bit(s) "q[7..1]" have no fanouts                      ;
+------+--------+----------+-------------------------------------------------------------------------------------------------------------------------------------------+


+-----------------------------------------------------+
; Post-Synthesis Netlist Statistics for Top Partition ;
+-----------------------+-----------------------------+
; Type                  ; Count                       ;
+-----------------------+-----------------------------+
; arriav_ff             ; 28                          ;
;     CLR               ; 1                           ;
;     ENA               ; 1                           ;
;     ENA CLR           ; 26                          ;
; arriav_lcell_comb     ; 287                         ;
;     arith             ; 117                         ;
;         0 data inputs ; 30                          ;
;         1 data inputs ; 15                          ;
;         2 data inputs ; 9                           ;
;         3 data inputs ; 43                          ;
;         4 data inputs ; 20                          ;
;     extend            ; 6                           ;
;         7 data inputs ; 6                           ;
;     normal            ; 146                         ;
;         0 data inputs ; 2                           ;
;         1 data inputs ; 3                           ;
;         2 data inputs ; 43                          ;
;         3 data inputs ; 36                          ;
;         4 data inputs ; 26                          ;
;         5 data inputs ; 15                          ;
;         6 data inputs ; 21                          ;
;     shared            ; 18                          ;
;         0 data inputs ; 5                           ;
;         1 data inputs ; 13                          ;
; arriav_mac            ; 1                           ;
; boundary_port         ; 72                          ;
;                       ;                             ;
; Max LUT depth         ; 18.30                       ;
; Average LUT depth     ; 10.95                       ;
+-----------------------+-----------------------------+


+-------------------------------+
; Elapsed Time Per Partition    ;
+----------------+--------------+
; Partition Name ; Elapsed Time ;
+----------------+--------------+
; Top            ; 00:00:03     ;
+----------------+--------------+


+-------------------------------+
; Analysis & Synthesis Messages ;
+-------------------------------+
Info: *******************************************************************
Info: Running Quartus Prime Analysis & Synthesis
    Info: Version 18.1.0 Build 625 09/12/2018 SJ Lite Edition
    Info: Processing started: Thu Apr 28 17:58:05 2022
Info: Command: quartus_map --read_settings_files=on --write_settings_files=off Lab_2 -c Lab_2
Warning (18236): Number of processors has not been specified which may cause overloading on shared machines.  Set the global assignment NUM_PARALLEL_PROCESSORS in your QSF to an appropriate value for best performance.
Info (20030): Parallel compilation is enabled and will use 4 of the 4 processors detected
Info (12021): Found 1 design units, including 1 entities, in source file sev_segs_display.sv
    Info (12023): Found entity 1: Sev_Segs_Display File: C:/Users/Thinh Nguyen/OneDrive - RMIT University/EEET2475_s3818343_s3804791_Lab_2/Quartus_Proj/Lab_2_Top_Level/Sev_Segs_Display.sv Line: 1
Info (12021): Found 1 design units, including 1 entities, in source file arithmetic_logic_unit.sv
    Info (12023): Found entity 1: Arithmetic_Logic_Unit File: C:/Users/Thinh Nguyen/OneDrive - RMIT University/EEET2475_s3818343_s3804791_Lab_2/Quartus_Proj/Lab_2_Top_Level/Arithmetic_Logic_Unit.sv Line: 1
Info (12021): Found 1 design units, including 1 entities, in source file gp_register.sv
    Info (12023): Found entity 1: GP_Register File: C:/Users/Thinh Nguyen/OneDrive - RMIT University/EEET2475_s3818343_s3804791_Lab_2/Quartus_Proj/Lab_2_Top_Level/GP_Register.sv Line: 1
Info (12021): Found 1 design units, including 1 entities, in source file control_unit.sv
    Info (12023): Found entity 1: Control_Unit File: C:/Users/Thinh Nguyen/OneDrive - RMIT University/EEET2475_s3818343_s3804791_Lab_2/Quartus_Proj/Lab_2_Top_Level/Control_Unit.sv Line: 1
Info (12021): Found 1 design units, including 1 entities, in source file lab_2.sv
    Info (12023): Found entity 1: Lab_2 File: C:/Users/Thinh Nguyen/OneDrive - RMIT University/EEET2475_s3818343_s3804791_Lab_2/Quartus_Proj/Lab_2_Top_Level/Lab_2.sv Line: 2
Info (12021): Found 1 design units, including 1 entities, in source file b_bus_selector.sv
    Info (12023): Found entity 1: B_bus_selector File: C:/Users/Thinh Nguyen/OneDrive - RMIT University/EEET2475_s3818343_s3804791_Lab_2/Quartus_Proj/Lab_2_Top_Level/B_bus_selector.sv Line: 1
Info (12021): Found 1 design units, including 1 entities, in source file bcd_decoder.sv
    Info (12023): Found entity 1: BCD_Decoder File: C:/Users/Thinh Nguyen/OneDrive - RMIT University/EEET2475_s3818343_s3804791_Lab_2/Quartus_Proj/Lab_2_Top_Level/BCD_Decoder.sv Line: 1
Info (12127): Elaborating entity "Lab_2" for the top level hierarchy
Info (12128): Elaborating entity "Control_Unit" for hierarchy "Control_Unit:CU" File: C:/Users/Thinh Nguyen/OneDrive - RMIT University/EEET2475_s3818343_s3804791_Lab_2/Quartus_Proj/Lab_2_Top_Level/Lab_2.sv Line: 37
Info (12128): Elaborating entity "B_bus_selector" for hierarchy "B_bus_selector:B_MUX" File: C:/Users/Thinh Nguyen/OneDrive - RMIT University/EEET2475_s3818343_s3804791_Lab_2/Quartus_Proj/Lab_2_Top_Level/Lab_2.sv Line: 45
Info (12128): Elaborating entity "Arithmetic_Logic_Unit" for hierarchy "Arithmetic_Logic_Unit:ALU" File: C:/Users/Thinh Nguyen/OneDrive - RMIT University/EEET2475_s3818343_s3804791_Lab_2/Quartus_Proj/Lab_2_Top_Level/Lab_2.sv Line: 53
Info (12128): Elaborating entity "GP_Register" for hierarchy "GP_Register:Reg_A" File: C:/Users/Thinh Nguyen/OneDrive - RMIT University/EEET2475_s3818343_s3804791_Lab_2/Quartus_Proj/Lab_2_Top_Level/Lab_2.sv Line: 57
Info (12128): Elaborating entity "BCD_Decoder" for hierarchy "BCD_Decoder:BCD_decoder" File: C:/Users/Thinh Nguyen/OneDrive - RMIT University/EEET2475_s3818343_s3804791_Lab_2/Quartus_Proj/Lab_2_Top_Level/Lab_2.sv Line: 69
Warning (10230): Verilog HDL assignment warning at BCD_Decoder.sv(9): truncated value with size 32 to match size of target (4) File: C:/Users/Thinh Nguyen/OneDrive - RMIT University/EEET2475_s3818343_s3804791_Lab_2/Quartus_Proj/Lab_2_Top_Level/BCD_Decoder.sv Line: 9
Warning (10230): Verilog HDL assignment warning at BCD_Decoder.sv(10): truncated value with size 32 to match size of target (4) File: C:/Users/Thinh Nguyen/OneDrive - RMIT University/EEET2475_s3818343_s3804791_Lab_2/Quartus_Proj/Lab_2_Top_Level/BCD_Decoder.sv Line: 10
Warning (10230): Verilog HDL assignment warning at BCD_Decoder.sv(11): truncated value with size 32 to match size of target (4) File: C:/Users/Thinh Nguyen/OneDrive - RMIT University/EEET2475_s3818343_s3804791_Lab_2/Quartus_Proj/Lab_2_Top_Level/BCD_Decoder.sv Line: 11
Info (12128): Elaborating entity "Sev_Segs_Display" for hierarchy "Sev_Segs_Display:Hundreds_Display" File: C:/Users/Thinh Nguyen/OneDrive - RMIT University/EEET2475_s3818343_s3804791_Lab_2/Quartus_Proj/Lab_2_Top_Level/Lab_2.sv Line: 73
Info (278001): Inferred 3 megafunctions from design logic
    Info (278004): Inferred divider/modulo megafunction ("lpm_divide") from the following logic: "BCD_Decoder:BCD_decoder|Div0" File: C:/Users/Thinh Nguyen/OneDrive - RMIT University/EEET2475_s3818343_s3804791_Lab_2/Quartus_Proj/Lab_2_Top_Level/BCD_Decoder.sv Line: 9
    Info (278004): Inferred divider/modulo megafunction ("lpm_divide") from the following logic: "BCD_Decoder:BCD_decoder|Div1" File: C:/Users/Thinh Nguyen/OneDrive - RMIT University/EEET2475_s3818343_s3804791_Lab_2/Quartus_Proj/Lab_2_Top_Level/BCD_Decoder.sv Line: 10
    Info (278004): Inferred divider/modulo megafunction ("lpm_divide") from the following logic: "BCD_Decoder:BCD_decoder|Mod0" File: C:/Users/Thinh Nguyen/OneDrive - RMIT University/EEET2475_s3818343_s3804791_Lab_2/Quartus_Proj/Lab_2_Top_Level/BCD_Decoder.sv Line: 11
Info (12130): Elaborated megafunction instantiation "BCD_Decoder:BCD_decoder|lpm_divide:Div0" File: C:/Users/Thinh Nguyen/OneDrive - RMIT University/EEET2475_s3818343_s3804791_Lab_2/Quartus_Proj/Lab_2_Top_Level/BCD_Decoder.sv Line: 9
Info (12133): Instantiated megafunction "BCD_Decoder:BCD_decoder|lpm_divide:Div0" with the following parameter: File: C:/Users/Thinh Nguyen/OneDrive - RMIT University/EEET2475_s3818343_s3804791_Lab_2/Quartus_Proj/Lab_2_Top_Level/BCD_Decoder.sv Line: 9
    Info (12134): Parameter "LPM_WIDTHN" = "8"
    Info (12134): Parameter "LPM_WIDTHD" = "7"
    Info (12134): Parameter "LPM_NREPRESENTATION" = "UNSIGNED"
    Info (12134): Parameter "LPM_DREPRESENTATION" = "UNSIGNED"
Info (12021): Found 1 design units, including 1 entities, in source file db/lpm_divide_8am.tdf
    Info (12023): Found entity 1: lpm_divide_8am File: C:/Users/Thinh Nguyen/OneDrive - RMIT University/EEET2475_s3818343_s3804791_Lab_2/Quartus_Proj/Lab_2_Top_Level/db/lpm_divide_8am.tdf Line: 24
Info (12021): Found 1 design units, including 1 entities, in source file db/sign_div_unsign_ekh.tdf
    Info (12023): Found entity 1: sign_div_unsign_ekh File: C:/Users/Thinh Nguyen/OneDrive - RMIT University/EEET2475_s3818343_s3804791_Lab_2/Quartus_Proj/Lab_2_Top_Level/db/sign_div_unsign_ekh.tdf Line: 24
Info (12021): Found 1 design units, including 1 entities, in source file db/alt_u_div_2te.tdf
    Info (12023): Found entity 1: alt_u_div_2te File: C:/Users/Thinh Nguyen/OneDrive - RMIT University/EEET2475_s3818343_s3804791_Lab_2/Quartus_Proj/Lab_2_Top_Level/db/alt_u_div_2te.tdf Line: 22
Info (12130): Elaborated megafunction instantiation "BCD_Decoder:BCD_decoder|lpm_divide:Div1" File: C:/Users/Thinh Nguyen/OneDrive - RMIT University/EEET2475_s3818343_s3804791_Lab_2/Quartus_Proj/Lab_2_Top_Level/BCD_Decoder.sv Line: 10
Info (12133): Instantiated megafunction "BCD_Decoder:BCD_decoder|lpm_divide:Div1" with the following parameter: File: C:/Users/Thinh Nguyen/OneDrive - RMIT University/EEET2475_s3818343_s3804791_Lab_2/Quartus_Proj/Lab_2_Top_Level/BCD_Decoder.sv Line: 10
    Info (12134): Parameter "LPM_WIDTHN" = "32"
    Info (12134): Parameter "LPM_WIDTHD" = "4"
    Info (12134): Parameter "LPM_NREPRESENTATION" = "UNSIGNED"
    Info (12134): Parameter "LPM_DREPRESENTATION" = "UNSIGNED"
Info (12021): Found 1 design units, including 1 entities, in source file db/lpm_divide_ibm.tdf
    Info (12023): Found entity 1: lpm_divide_ibm File: C:/Users/Thinh Nguyen/OneDrive - RMIT University/EEET2475_s3818343_s3804791_Lab_2/Quartus_Proj/Lab_2_Top_Level/db/lpm_divide_ibm.tdf Line: 24
Info (12021): Found 1 design units, including 1 entities, in source file db/sign_div_unsign_olh.tdf
    Info (12023): Found entity 1: sign_div_unsign_olh File: C:/Users/Thinh Nguyen/OneDrive - RMIT University/EEET2475_s3818343_s3804791_Lab_2/Quartus_Proj/Lab_2_Top_Level/db/sign_div_unsign_olh.tdf Line: 24
Info (12021): Found 1 design units, including 1 entities, in source file db/alt_u_div_mve.tdf
    Info (12023): Found entity 1: alt_u_div_mve File: C:/Users/Thinh Nguyen/OneDrive - RMIT University/EEET2475_s3818343_s3804791_Lab_2/Quartus_Proj/Lab_2_Top_Level/db/alt_u_div_mve.tdf Line: 22
Info (12130): Elaborated megafunction instantiation "BCD_Decoder:BCD_decoder|lpm_divide:Mod0" File: C:/Users/Thinh Nguyen/OneDrive - RMIT University/EEET2475_s3818343_s3804791_Lab_2/Quartus_Proj/Lab_2_Top_Level/BCD_Decoder.sv Line: 11
Info (12133): Instantiated megafunction "BCD_Decoder:BCD_decoder|lpm_divide:Mod0" with the following parameter: File: C:/Users/Thinh Nguyen/OneDrive - RMIT University/EEET2475_s3818343_s3804791_Lab_2/Quartus_Proj/Lab_2_Top_Level/BCD_Decoder.sv Line: 11
    Info (12134): Parameter "LPM_WIDTHN" = "8"
    Info (12134): Parameter "LPM_WIDTHD" = "4"
    Info (12134): Parameter "LPM_NREPRESENTATION" = "UNSIGNED"
    Info (12134): Parameter "LPM_DREPRESENTATION" = "UNSIGNED"
Info (12021): Found 1 design units, including 1 entities, in source file db/lpm_divide_82m.tdf
    Info (12023): Found entity 1: lpm_divide_82m File: C:/Users/Thinh Nguyen/OneDrive - RMIT University/EEET2475_s3818343_s3804791_Lab_2/Quartus_Proj/Lab_2_Top_Level/db/lpm_divide_82m.tdf Line: 24
Info (12021): Found 1 design units, including 1 entities, in source file db/sign_div_unsign_bkh.tdf
    Info (12023): Found entity 1: sign_div_unsign_bkh File: C:/Users/Thinh Nguyen/OneDrive - RMIT University/EEET2475_s3818343_s3804791_Lab_2/Quartus_Proj/Lab_2_Top_Level/db/sign_div_unsign_bkh.tdf Line: 24
Info (12021): Found 1 design units, including 1 entities, in source file db/alt_u_div_sse.tdf
    Info (12023): Found entity 1: alt_u_div_sse File: C:/Users/Thinh Nguyen/OneDrive - RMIT University/EEET2475_s3818343_s3804791_Lab_2/Quartus_Proj/Lab_2_Top_Level/db/alt_u_div_sse.tdf Line: 22
Warning (12241): 4 hierarchies have connectivity warnings - see the Connectivity Checks report folder
Warning (13024): Output pins are stuck at VCC or GND
    Warning (13410): Pin "seven_segs[4][1]" is stuck at GND File: C:/Users/Thinh Nguyen/OneDrive - RMIT University/EEET2475_s3818343_s3804791_Lab_2/Quartus_Proj/Lab_2_Top_Level/Lab_2.sv Line: 2
    Warning (13410): Pin "seven_segs[4][2]" is stuck at GND File: C:/Users/Thinh Nguyen/OneDrive - RMIT University/EEET2475_s3818343_s3804791_Lab_2/Quartus_Proj/Lab_2_Top_Level/Lab_2.sv Line: 2
    Warning (13410): Pin "seven_segs[4][6]" is stuck at VCC File: C:/Users/Thinh Nguyen/OneDrive - RMIT University/EEET2475_s3818343_s3804791_Lab_2/Quartus_Proj/Lab_2_Top_Level/Lab_2.sv Line: 2
    Warning (13410): Pin "seven_segs[3][1]" is stuck at GND File: C:/Users/Thinh Nguyen/OneDrive - RMIT University/EEET2475_s3818343_s3804791_Lab_2/Quartus_Proj/Lab_2_Top_Level/Lab_2.sv Line: 2
    Warning (13410): Pin "seven_segs[3][2]" is stuck at GND File: C:/Users/Thinh Nguyen/OneDrive - RMIT University/EEET2475_s3818343_s3804791_Lab_2/Quartus_Proj/Lab_2_Top_Level/Lab_2.sv Line: 2
    Warning (13410): Pin "seven_segs[3][6]" is stuck at VCC File: C:/Users/Thinh Nguyen/OneDrive - RMIT University/EEET2475_s3818343_s3804791_Lab_2/Quartus_Proj/Lab_2_Top_Level/Lab_2.sv Line: 2
    Warning (13410): Pin "seven_segs[2][1]" is stuck at GND File: C:/Users/Thinh Nguyen/OneDrive - RMIT University/EEET2475_s3818343_s3804791_Lab_2/Quartus_Proj/Lab_2_Top_Level/Lab_2.sv Line: 2
Info (286030): Timing-Driven Synthesis is running
Info (144001): Generated suppressed messages file C:/Users/Thinh Nguyen/OneDrive - RMIT University/EEET2475_s3818343_s3804791_Lab_2/Quartus_Proj/Lab_2_Top_Level/output_files/Lab_2.map.smsg
Info (16010): Generating hard_block partition "hard_block:auto_generated_inst"
    Info (16011): Adding 0 node(s), including 0 DDIO, 0 PLL, 0 transceiver and 0 LCELL
Info (21057): Implemented 380 device resources after synthesis - the final resource count might be different
    Info (21058): Implemented 13 input pins
    Info (21059): Implemented 59 output pins
    Info (21061): Implemented 307 logic cells
    Info (21062): Implemented 1 DSP elements
Info: Quartus Prime Analysis & Synthesis was successful. 0 errors, 13 warnings
    Info: Peak virtual memory: 4835 megabytes
    Info: Processing ended: Thu Apr 28 17:58:23 2022
    Info: Elapsed time: 00:00:18
    Info: Total CPU time (on all processors): 00:00:34


+------------------------------------------+
; Analysis & Synthesis Suppressed Messages ;
+------------------------------------------+
The suppressed messages can be found in C:/Users/Thinh Nguyen/OneDrive - RMIT University/EEET2475_s3818343_s3804791_Lab_2/Quartus_Proj/Lab_2_Top_Level/output_files/Lab_2.map.smsg.


